<?xml version="1.0" encoding="UTF-8"?>
<!-- Generated by org.testng.reporters.JUnitReportReporter -->
<testsuite hostname="DESKTOP-I7QI4F5" failures="0" tests="2" name="rcbproject.testrcb.ProblemSolvingRCBTest" time="0.031" errors="0" timestamp="2022-07-21T19:17:45 IST" skipped="0">
  <testcase classname="rcbproject.testrcb.ProblemSolvingRCBTest" name="validateWicketKeeper" time="0.019"/>
  <system-out/>
  <testcase classname="rcbproject.testrcb.ProblemSolvingRCBTest" name="validateForeignPlayer" time="0.012"/>
  <system-out/>
</testsuite> <!-- rcbproject.testrcb.ProblemSolvingRCBTest -->
