<?xml version="1.0" encoding="UTF-8"?>
<!-- Generated by org.testng.reporters.JUnitReportReporter -->
<testsuite hostname="DESKTOP-I7QI4F5" failures="0" tests="2" name="rcbproject.testrcb.ProblemSolveRCBTest" time="0.050" errors="0" timestamp="2022-07-21T19:06:45 IST" skipped="0">
  <testcase classname="rcbproject.testrcb.ProblemSolveRCBTest" name="validateWicketKeeper" time="0.035"/>
  <system-out/>
  <testcase classname="rcbproject.testrcb.ProblemSolveRCBTest" name="validateForeignPlayer" time="0.015"/>
  <system-out/>
</testsuite> <!-- rcbproject.testrcb.ProblemSolveRCBTest -->
