<?xml version="1.0" encoding="UTF-8"?>
<!-- Generated by org.testng.reporters.JUnitReportReporter -->
<testsuite hostname="DESKTOP-I7QI4F5" failures="0" tests="2" name="rcbproject.testrcb.ProblemSolveRCBTest" time="0.138" errors="0" timestamp="2022-07-21T15:07:13 IST" skipped="0">
  <testcase classname="rcbproject.testrcb.ProblemSolveRCBTest" name="validateWicketKeeper" time="0.114"/>
  <system-out/>
  <testcase classname="rcbproject.testrcb.ProblemSolveRCBTest" name="validateForeignPlayer" time="0.024"/>
  <system-out/>
</testsuite> <!-- rcbproject.testrcb.ProblemSolveRCBTest -->
