<?xml version="1.0" encoding="UTF-8"?>
<!-- Generated by org.testng.reporters.JUnitReportReporter -->
<testsuite hostname="DESKTOP-I7QI4F5" failures="0" tests="2" name="rcbproject.testrcb.ProblemSolveRCB" time="0.028" errors="0" timestamp="2022-07-20T16:26:42 IST" skipped="0">
  <testcase classname="rcbproject.testrcb.ProblemSolveRCB" name="validateForeignPlayer" time="0.024"/>
  <system-out/>
  <testcase classname="rcbproject.testrcb.ProblemSolveRCB" name="validateWicketKeeper" time="0.004"/>
  <system-out/>
</testsuite> <!-- rcbproject.testrcb.ProblemSolveRCB -->
